0 info it worked if it ends with ok
1 verbose cli [ '/usr/bin/node', '/usr/bin/npm', 'install', 'fsevents' ]
2 info using npm@3.5.2
3 info using node@v8.10.0
4 silly loadCurrentTree Starting
5 silly install loadCurrentTree
6 silly install readLocalPackageData
7 silly fetchPackageMetaData fsevents
8 silly fetchNamedPackageData fsevents
9 silly mapToRegistry name fsevents
10 silly mapToRegistry using default registry
11 silly mapToRegistry registry https://registry.npmjs.org/
12 silly mapToRegistry uri https://registry.npmjs.org/fsevents
13 verbose request uri https://registry.npmjs.org/fsevents
14 verbose request no auth needed
15 info attempt registry request try #1 at 13:46:32
16 verbose request id f987f5710538f367
17 http request GET https://registry.npmjs.org/fsevents
18 http 200 https://registry.npmjs.org/fsevents
19 verbose headers { date: 'Sun, 06 Oct 2019 11:46:32 GMT',
19 verbose headers   'content-type': 'application/json',
19 verbose headers   'transfer-encoding': 'chunked',
19 verbose headers   connection: 'keep-alive',
19 verbose headers   'set-cookie':
19 verbose headers    [ '__cfduid=d106879115d752dafed207c64410cd1071570362392; expires=Mon, 05-Oct-20 11:46:32 GMT; path=/; domain=.npmjs.org; HttpOnly' ],
19 verbose headers   'cf-cache-status': 'HIT',
19 verbose headers   'cache-control': 'max-age=300',
19 verbose headers   'cf-ray': '5217653bf9506900-CDG',
19 verbose headers   age: '2387',
19 verbose headers   etag: 'W/"6982f0142b52852b8b14451413449d01"',
19 verbose headers   'expect-ct': 'max-age=604800, report-uri="https://report-uri.cloudflare.com/cdn-cgi/beacon/expect-ct"',
19 verbose headers   'last-modified': 'Tue, 01 Oct 2019 00:52:13 GMT',
19 verbose headers   vary: 'accept-encoding, accept',
19 verbose headers   'x-amz-meta-rev': '164-1d5a2dc7c6d891b2c291c4688565c33e',
19 verbose headers   server: 'cloudflare',
19 verbose headers   'content-encoding': 'gzip' }
20 silly get cb [ 200,
20 silly get   { date: 'Sun, 06 Oct 2019 11:46:32 GMT',
20 silly get     'content-type': 'application/json',
20 silly get     'transfer-encoding': 'chunked',
20 silly get     connection: 'keep-alive',
20 silly get     'set-cookie':
20 silly get      [ '__cfduid=d106879115d752dafed207c64410cd1071570362392; expires=Mon, 05-Oct-20 11:46:32 GMT; path=/; domain=.npmjs.org; HttpOnly' ],
20 silly get     'cf-cache-status': 'HIT',
20 silly get     'cache-control': 'max-age=300',
20 silly get     'cf-ray': '5217653bf9506900-CDG',
20 silly get     age: '2387',
20 silly get     etag: 'W/"6982f0142b52852b8b14451413449d01"',
20 silly get     'expect-ct': 'max-age=604800, report-uri="https://report-uri.cloudflare.com/cdn-cgi/beacon/expect-ct"',
20 silly get     'last-modified': 'Tue, 01 Oct 2019 00:52:13 GMT',
20 silly get     vary: 'accept-encoding, accept',
20 silly get     'x-amz-meta-rev': '164-1d5a2dc7c6d891b2c291c4688565c33e',
20 silly get     server: 'cloudflare',
20 silly get     'content-encoding': 'gzip' } ]
21 verbose get saving fsevents to /home/hurri/.npm/registry.npmjs.org/fsevents/.cache.json
22 silly install normalizeTree
23 silly loadCurrentTree Finishing
24 silly loadIdealTree Starting
25 silly install loadIdealTree
26 silly cloneCurrentTree Starting
27 silly install cloneCurrentTreeToIdealTree
28 silly cloneCurrentTree Finishing
29 silly loadShrinkwrap Starting
30 silly install loadShrinkwrap
31 silly loadShrinkwrap Finishing
32 silly loadAllDepsIntoIdealTree Starting
33 silly install loadAllDepsIntoIdealTree
34 silly rollbackFailedOptional Starting
35 silly rollbackFailedOptional Finishing
36 silly runTopLevelLifecycles Starting
37 silly runTopLevelLifecycles Finishing
38 silly install printInstalled
39 verbose stack Error: Unsupported
39 verbose stack     at checkPlatform (/usr/share/npm/node_modules/npm-install-checks/index.js:46:14)
39 verbose stack     at Array.<anonymous> (/usr/share/npm/node_modules/slide/lib/bind-actor.js:15:8)
39 verbose stack     at LOOP (/usr/share/npm/node_modules/slide/lib/chain.js:15:14)
39 verbose stack     at /usr/share/npm/node_modules/slide/lib/chain.js:18:7
39 verbose stack     at checkEngine (/usr/share/npm/node_modules/npm-install-checks/index.js:25:10)
39 verbose stack     at Array.<anonymous> (/usr/share/npm/node_modules/slide/lib/bind-actor.js:15:8)
39 verbose stack     at LOOP (/usr/share/npm/node_modules/slide/lib/chain.js:15:14)
39 verbose stack     at chain (/usr/share/npm/node_modules/slide/lib/chain.js:20:5)
39 verbose stack     at module.exports.isInstallable (/usr/share/npm/lib/install/validate-args.js:26:3)
39 verbose stack     at Array.<anonymous> (/usr/share/npm/node_modules/slide/lib/bind-actor.js:15:8)
40 verbose pkgid fsevents@2.1.0
41 verbose cwd /home/hurri/SiteTeam
42 error Linux 5.0.0-31-generic
43 error argv "/usr/bin/node" "/usr/bin/npm" "install" "fsevents"
44 error node v8.10.0
45 error npm  v3.5.2
46 error code EBADPLATFORM
47 error notsup Not compatible with your operating system or architecture: fsevents@2.1.0
48 error notsup Valid OS:    darwin
48 error notsup Valid Arch:  any
48 error notsup Actual OS:   linux
48 error notsup Actual Arch: x64
49 verbose exit [ 1, true ]
